<?xml version="1.0" encoding="UTF-8" standalone="no"?>
<!DOCTYPE log SYSTEM "logger.dtd">
<log>
<record>
  <date>2021-04-02T23:37:58</date>
  <millis>1617395878882</millis>
  <sequence>0</sequence>
  <logger>global</logger>
  <level>CONFIG</level>
  <class>AppServer</class>
  <method>main</method>
  <thread>1</thread>
  <message>Configuration done.</message>
</record>
<record>
  <date>2021-04-02T23:37:58</date>
  <millis>1617395878992</millis>
  <sequence>1</sequence>
  <logger>global</logger>
  <level>FINE</level>
  <class>AppServer</class>
  <method>main</method>
  <thread>1</thread>
  <message>Finer logged</message>
</record>
<record>
  <date>2021-04-02T23:37:58</date>
  <millis>1617395878992</millis>
  <sequence>2</sequence>
  <logger>global</logger>
  <level>FINER</level>
  <class>AppServer</class>
  <method>main</method>
  <thread>1</thread>
  <message>Finest example on LOGGER handler completed.</message>
</record>
<record>
  <date>2021-04-02T23:37:59</date>
  <millis>1617395879944</millis>
  <sequence>3</sequence>
  <logger>global</logger>
  <level>INFO</level>
  <class>Server</class>
  <method>processing</method>
  <thread>1</thread>
  <message>Server starting on port 4387</message>
</record>
<record>
  <date>2021-04-02T23:38:13</date>
  <millis>1617395893616</millis>
  <sequence>4</sequence>
  <logger>global</logger>
  <level>INFO</level>
  <class>Server</class>
  <method>read</method>
  <thread>1</thread>
  <message>Receiving a request...</message>
</record>
<record>
  <date>2021-04-02T23:38:13</date>
  <millis>1617395893835</millis>
  <sequence>5</sequence>
  <logger>global</logger>
  <level>INFO</level>
  <class>Server</class>
  <method>read</method>
  <thread>1</thread>
  <message>Processing request help...</message>
</record>
<record>
  <date>2021-04-02T23:38:13</date>
  <millis>1617395893835</millis>
  <sequence>6</sequence>
  <logger>global</logger>
  <level>INFO</level>
  <class>Server</class>
  <method>write</method>
  <thread>1</thread>
  <message>Sending a response...</message>
</record>
<record>
  <date>2021-04-02T23:38:28</date>
  <millis>1617395908597</millis>
  <sequence>7</sequence>
  <logger>global</logger>
  <level>INFO</level>
  <class>Server</class>
  <method>read</method>
  <thread>1</thread>
  <message>Receiving a request...</message>
</record>
<record>
  <date>2021-04-02T23:38:29</date>
  <millis>1617395909128</millis>
  <sequence>8</sequence>
  <logger>global</logger>
  <level>INFO</level>
  <class>Server</class>
  <method>read</method>
  <thread>1</thread>
  <message>Processing request show...</message>
</record>
<record>
  <date>2021-04-02T23:38:29</date>
  <millis>1617395909144</millis>
  <sequence>9</sequence>
  <logger>global</logger>
  <level>INFO</level>
  <class>Server</class>
  <method>write</method>
  <thread>1</thread>
  <message>Sending a response...</message>
</record>
<record>
  <date>2021-04-02T23:38:53</date>
  <millis>1617395933716</millis>
  <sequence>10</sequence>
  <logger>global</logger>
  <level>INFO</level>
  <class>Server</class>
  <method>processing</method>
  <thread>1</thread>
  <message>Saved collection!</message>
</record>
<record>
  <date>2021-04-02T23:38:55</date>
  <millis>1617395935934</millis>
  <sequence>11</sequence>
  <logger>global</logger>
  <level>INFO</level>
  <class>Server</class>
  <method>processing</method>
  <thread>1</thread>
  <message>Saved collection!</message>
</record>
<record>
  <date>2021-04-02T23:38:55</date>
  <millis>1617395935934</millis>
  <sequence>12</sequence>
  <logger>global</logger>
  <level>INFO</level>
  <class>Server</class>
  <method>processing</method>
  <thread>1</thread>
  <message>Server shutdown!</message>
</record>
</log>
